<html>
<head>
<title>TestNG:  Chrome</title>
<link href="../testng.css" rel="stylesheet" type="text/css" />
<link href="../my-testng.css" rel="stylesheet" type="text/css" />

<style type="text/css">
.log { display: none;} 
.stack-trace { display: none;} 
</style>
<script type="text/javascript">
<!--
function flip(e) {
  current = e.style.display;
  if (current == 'block') {
    e.style.display = 'none';
    return 0;
  }
  else {
    e.style.display = 'block';
    return 1;
  }
}

function toggleBox(szDivId, elem, msg1, msg2)
{
  var res = -1;  if (document.getElementById) {
    res = flip(document.getElementById(szDivId));
  }
  else if (document.all) {
    // this is the way old msie versions work
    res = flip(document.all[szDivId]);
  }
  if(elem) {
    if(res == 0) elem.innerHTML = msg1; else elem.innerHTML = msg2;
  }

}

function toggleAllBoxes() {
  if (document.getElementsByTagName) {
    d = document.getElementsByTagName('div');
    for (i = 0; i < d.length; i++) {
      if (d[i].className == 'log') {
        flip(d[i]);
      }
    }
  }
}

// -->
</script>

</head>
<body>
<h2 align='center'>Chrome</h2><table border='1' align="center">
<tr>
<td>Tests passed/Failed/Skipped:</td><td>0/4/0</td>
</tr><tr>
<td>Started on:</td><td>Wed Feb 02 16:26:05 IST 2022</td>
</tr>
<tr><td>Total time:</td><td>7 seconds (7314 ms)</td>
</tr><tr>
<td>Included groups:</td><td></td>
</tr><tr>
<td>Excluded groups:</td><td></td>
</tr>
</table><p/>
<small><i>(Hover the method name to see the test class name)</i></small><p/>
<table width='100%' border='1' class='invocation-failed'>
<tr><td colspan='4' align='center'><b>FAILED TESTS</b></td></tr>
<tr><td><b>Test method</b></td>
<td width="30%"><b>Exception</b></td>
<td width="10%"><b>Time (seconds)</b></td>
<td><b>Instance</b></td>
</tr>
<tr>
<td title='testRunners.RunnerBase.runScenario()'><b>runScenario</b><br>Test class: testRunners.RunnerBase<br>Test method: Runs Cucumber Scenarios<br>Parameters: "User should navigate to emergency card page", "Optional[Emergency card]"</td>
<td><div><pre>java.lang.NullPointerException: Cannot invoke &quot;String.hashCode()&quot; because &quot;browser&quot; is null
	at utilities.DriverManager.setUp(DriverManager.java:23)
	at steps.dashboardStepDef.i_enter_email_(dashboardStepDef.java:19)
	at ?.Browser should be open and user should be &apos;dev.clocr.com&apos; site(file:///C:/Users/ADMIN/git/ClocrBDDFramework/src/test/resources/features/Ecard.feature:8)
</pre></div><a href='#' onClick='toggleBox("stack-trace785911342", this, "Click to show all stack frames", "Click to hide stack frames")'>Click to show all stack frames</a>
<div class='stack-trace' id='stack-trace785911342'><pre>java.lang.NullPointerException: Cannot invoke &quot;String.hashCode()&quot; because &quot;browser&quot; is null
	at utilities.DriverManager.setUp(DriverManager.java:23)
	at steps.dashboardStepDef.i_enter_email_(dashboardStepDef.java:19)
	at ?.Browser should be open and user should be &apos;dev.clocr.com&apos; site(file:///C:/Users/ADMIN/git/ClocrBDDFramework/src/test/resources/features/Ecard.feature:8)
</pre></div></td>
<td>0</td>
<td>testRunners.RunnerBase@4b29d1d2</td></tr>
<tr>
<td title='testRunners.RunnerBase.runScenario()'><b>runScenario</b><br>Test class: testRunners.RunnerBase<br>Test method: Runs Cucumber Scenarios<br>Parameters: "User should navigate to Digital Vault page", "Optional[Digital Vault]"</td>
<td><div><pre>java.lang.NullPointerException: Cannot invoke &quot;String.hashCode()&quot; because &quot;browser&quot; is null
	at utilities.DriverManager.setUp(DriverManager.java:23)
	at steps.dashboardStepDef.i_enter_email_(dashboardStepDef.java:19)
	at ?.Browser should be open and user should be &apos;dev.clocr.com&apos; site(file:///C:/Users/ADMIN/git/ClocrBDDFramework/src/test/resources/features/DigitalVault.feature:8)
</pre></div><a href='#' onClick='toggleBox("stack-trace1340843203", this, "Click to show all stack frames", "Click to hide stack frames")'>Click to show all stack frames</a>
<div class='stack-trace' id='stack-trace1340843203'><pre>java.lang.NullPointerException: Cannot invoke &quot;String.hashCode()&quot; because &quot;browser&quot; is null
	at utilities.DriverManager.setUp(DriverManager.java:23)
	at steps.dashboardStepDef.i_enter_email_(dashboardStepDef.java:19)
	at ?.Browser should be open and user should be &apos;dev.clocr.com&apos; site(file:///C:/Users/ADMIN/git/ClocrBDDFramework/src/test/resources/features/DigitalVault.feature:8)
</pre></div></td>
<td>0</td>
<td>testRunners.RunnerBase@4b29d1d2</td></tr>
<tr>
<td title='testRunners.RunnerBase.runScenario()'><b>runScenario</b><br>Test class: testRunners.RunnerBase<br>Test method: Runs Cucumber Scenarios<br>Parameters: "User get a link Create your Emergency Card", "Optional[Dashboard page scenarios]"</td>
<td><div><pre>java.lang.NullPointerException: Cannot invoke &quot;String.hashCode()&quot; because &quot;browser&quot; is null
	at utilities.DriverManager.setUp(DriverManager.java:23)
	at steps.dashboardStepDef.i_enter_email_(dashboardStepDef.java:19)
	at ?.Browser should be open and user should be &apos;dev.clocr.com&apos; site(file:///C:/Users/ADMIN/git/ClocrBDDFramework/src/test/resources/features/Dashboard.feature:25)
</pre></div><a href='#' onClick='toggleBox("stack-trace354955586", this, "Click to show all stack frames", "Click to hide stack frames")'>Click to show all stack frames</a>
<div class='stack-trace' id='stack-trace354955586'><pre>java.lang.NullPointerException: Cannot invoke &quot;String.hashCode()&quot; because &quot;browser&quot; is null
	at utilities.DriverManager.setUp(DriverManager.java:23)
	at steps.dashboardStepDef.i_enter_email_(dashboardStepDef.java:19)
	at ?.Browser should be open and user should be &apos;dev.clocr.com&apos; site(file:///C:/Users/ADMIN/git/ClocrBDDFramework/src/test/resources/features/Dashboard.feature:25)
</pre></div></td>
<td>0</td>
<td>testRunners.RunnerBase@4b29d1d2</td></tr>
<tr>
<td title='testRunners.RunnerBase.runScenario()'><b>runScenario</b><br>Test class: testRunners.RunnerBase<br>Test method: Runs Cucumber Scenarios<br>Parameters: "Login with valid user name and otp", "Optional[Login functionality]"</td>
<td><div><pre>io.cucumber.testng.UndefinedStepException: The step &apos;I open browser&apos; and 6 other step(s) are undefined.
You can implement these steps using the snippet(s) below:

@Given(&quot;I open browser&quot;)
public void i_open_browser() {
    // Write code here that turns the phrase above into concrete actions
    throw new io.cucumber.java.PendingException();
}
@When(&quot;I enter email as {string}&quot;)
public void i_enter_email_as(String string) {
    // Write code here that turns the phrase above into concrete actions
    throw new io.cucumber.java.PendingException();
}
@When(&quot;I take the otp from yopmail&quot;)
public void i_take_the_otp_from_yopmail() {
    // Write code here that turns the phrase above into concrete actions
    throw new io.cucumber.java.PendingException();
}
@When(&quot;I enter the otp&quot;)
public void i_enter_the_otp() {
    // Write code here that turns the phrase above into concrete actions
    throw new io.cucumber.java.PendingException();
}
@When(&quot;I enter password as {string}&quot;)
public void i_enter_password_as(String string) {
    // Write code here that turns the phrase above into concrete actions
    throw new io.cucumber.java.PendingException();
}
@When(&quot;I hit login&quot;)
public void i_hit_login() {
    // Write code here that turns the phrase above into concrete actions
    throw new io.cucumber.java.PendingException();
}
@Then(&quot;login should redirect to tutorials page&quot;)
public void login_should_redirect_to_tutorials_page() {
    // Write code here that turns the phrase above into concrete actions
    throw new io.cucumber.java.PendingException();
}

	at io.cucumber.core.runtime.TestCaseResultObserver.assertTestCasePassed(TestCaseResultObserver.java:69)
	at io.cucumber.testng.TestCaseResultObserver.assertTestCasePassed(TestCaseResultObserver.java:23)
	at io.cucumber.testng.TestNGCucumberRunner.lambda$runScenario$1(TestNGCucumberRunner.java:133)
	at io.cucumber.core.runtime.CucumberExecutionContext.lambda$runTestCase$3(CucumberExecutionContext.java:110)
	at io.cucumber.core.runtime.RethrowingThrowableCollector.executeAndThrow(RethrowingThrowableCollector.java:23)
	at io.cucumber.core.runtime.CucumberExecutionContext.runTestCase(CucumberExecutionContext.java:110)
	at io.cucumber.testng.TestNGCucumberRunner.runScenario(TestNGCucumberRunner.java:129)
	at testRunners.CutomizeTestNGCucmberRunner.runScenario(CutomizeTestNGCucmberRunner.java:31)
	at java.base/java.util.ArrayList.forEach(ArrayList.java:1511)
	at java.base/java.util.concurrent.FutureTask.run(FutureTask.java:264)
	at java.base/java.util.concurrent.ThreadPoolExecutor.runWorker(ThreadPoolExecutor.java:1136)
	at java.base/java.util.concurrent.ThreadPoolExecutor$Worker.run(ThreadPoolExecutor.java:635)
	at java.base/java.lang.Thread.run(Thread.java:833)
... Removed 18 stack frames</pre></div><a href='#' onClick='toggleBox("stack-trace917613214", this, "Click to show all stack frames", "Click to hide stack frames")'>Click to show all stack frames</a>
<div class='stack-trace' id='stack-trace917613214'><pre>io.cucumber.testng.UndefinedStepException: The step &apos;I open browser&apos; and 6 other step(s) are undefined.
You can implement these steps using the snippet(s) below:

@Given(&quot;I open browser&quot;)
public void i_open_browser() {
    // Write code here that turns the phrase above into concrete actions
    throw new io.cucumber.java.PendingException();
}
@When(&quot;I enter email as {string}&quot;)
public void i_enter_email_as(String string) {
    // Write code here that turns the phrase above into concrete actions
    throw new io.cucumber.java.PendingException();
}
@When(&quot;I take the otp from yopmail&quot;)
public void i_take_the_otp_from_yopmail() {
    // Write code here that turns the phrase above into concrete actions
    throw new io.cucumber.java.PendingException();
}
@When(&quot;I enter the otp&quot;)
public void i_enter_the_otp() {
    // Write code here that turns the phrase above into concrete actions
    throw new io.cucumber.java.PendingException();
}
@When(&quot;I enter password as {string}&quot;)
public void i_enter_password_as(String string) {
    // Write code here that turns the phrase above into concrete actions
    throw new io.cucumber.java.PendingException();
}
@When(&quot;I hit login&quot;)
public void i_hit_login() {
    // Write code here that turns the phrase above into concrete actions
    throw new io.cucumber.java.PendingException();
}
@Then(&quot;login should redirect to tutorials page&quot;)
public void login_should_redirect_to_tutorials_page() {
    // Write code here that turns the phrase above into concrete actions
    throw new io.cucumber.java.PendingException();
}

	at io.cucumber.core.runtime.TestCaseResultObserver.assertTestCasePassed(TestCaseResultObserver.java:69)
	at io.cucumber.testng.TestCaseResultObserver.assertTestCasePassed(TestCaseResultObserver.java:23)
	at io.cucumber.testng.TestNGCucumberRunner.lambda$runScenario$1(TestNGCucumberRunner.java:133)
	at io.cucumber.core.runtime.CucumberExecutionContext.lambda$runTestCase$3(CucumberExecutionContext.java:110)
	at io.cucumber.core.runtime.RethrowingThrowableCollector.executeAndThrow(RethrowingThrowableCollector.java:23)
	at io.cucumber.core.runtime.CucumberExecutionContext.runTestCase(CucumberExecutionContext.java:110)
	at io.cucumber.testng.TestNGCucumberRunner.runScenario(TestNGCucumberRunner.java:129)
	at testRunners.CutomizeTestNGCucmberRunner.runScenario(CutomizeTestNGCucmberRunner.java:31)
	at java.base/jdk.internal.reflect.NativeMethodAccessorImpl.invoke0(Native Method)
	at java.base/jdk.internal.reflect.NativeMethodAccessorImpl.invoke(NativeMethodAccessorImpl.java:77)
	at java.base/jdk.internal.reflect.DelegatingMethodAccessorImpl.invoke(DelegatingMethodAccessorImpl.java:43)
	at java.base/java.lang.reflect.Method.invoke(Method.java:568)
	at org.testng.internal.MethodInvocationHelper.invokeMethod(MethodInvocationHelper.java:133)
	at org.testng.internal.TestInvoker.invokeMethod(TestInvoker.java:598)
	at org.testng.internal.TestInvoker.invokeTestMethod(TestInvoker.java:173)
	at org.testng.internal.MethodRunner.runInSequence(MethodRunner.java:46)
	at org.testng.internal.TestInvoker$MethodInvocationAgent.invoke(TestInvoker.java:824)
	at org.testng.internal.TestInvoker.invokeTestMethods(TestInvoker.java:146)
	at org.testng.internal.TestMethodWorker.invokeTestMethods(TestMethodWorker.java:146)
	at org.testng.internal.TestMethodWorker.run(TestMethodWorker.java:128)
	at java.base/java.util.ArrayList.forEach(ArrayList.java:1511)
	at org.testng.TestRunner.privateRun(TestRunner.java:794)
	at org.testng.TestRunner.run(TestRunner.java:596)
	at org.testng.SuiteRunner.runTest(SuiteRunner.java:377)
	at org.testng.SuiteRunner.access$000(SuiteRunner.java:28)
	at org.testng.SuiteRunner$SuiteWorker.run(SuiteRunner.java:418)
	at org.testng.internal.thread.ThreadUtil.lambda$execute$0(ThreadUtil.java:64)
	at java.base/java.util.concurrent.FutureTask.run(FutureTask.java:264)
	at java.base/java.util.concurrent.ThreadPoolExecutor.runWorker(ThreadPoolExecutor.java:1136)
	at java.base/java.util.concurrent.ThreadPoolExecutor$Worker.run(ThreadPoolExecutor.java:635)
	at java.base/java.lang.Thread.run(Thread.java:833)
</pre></div></td>
<td>0</td>
<td>testRunners.RunnerBase@4b29d1d2</td></tr>
</table><p>
</body>
</html>